0 info it worked if it ends with ok
1 verbose cli [ '/usr/local/bin/node',
1 verbose cli   '/usr/local/bin/npm',
1 verbose cli   'install',
1 verbose cli   '-g',
1 verbose cli   'nodemon' ]
2 info using npm@2.15.9
3 info using node@v4.5.0
4 verbose install initial load of /usr/local/lib/package.json
5 verbose readDependencies loading dependencies from /usr/local/lib/package.json
6 silly cache add args [ 'nodemon', null ]
7 verbose cache add spec nodemon
8 silly cache add parsed spec Result {
8 silly cache add   raw: 'nodemon',
8 silly cache add   scope: null,
8 silly cache add   name: 'nodemon',
8 silly cache add   rawSpec: '',
8 silly cache add   spec: 'latest',
8 silly cache add   type: 'tag' }
9 silly addNamed nodemon@latest
10 verbose addNamed "latest" is being treated as a dist-tag for nodemon
11 info addNameTag [ 'nodemon', 'latest' ]
12 silly mapToRegistry name nodemon
13 silly mapToRegistry using default registry
14 silly mapToRegistry registry https://registry.npmjs.org/
15 silly mapToRegistry data Result {
15 silly mapToRegistry   raw: 'nodemon',
15 silly mapToRegistry   scope: null,
15 silly mapToRegistry   name: 'nodemon',
15 silly mapToRegistry   rawSpec: '',
15 silly mapToRegistry   spec: 'latest',
15 silly mapToRegistry   type: 'tag' }
16 silly mapToRegistry uri https://registry.npmjs.org/nodemon
17 verbose addNameTag registry:https://registry.npmjs.org/nodemon not in flight; fetching
18 verbose request uri https://registry.npmjs.org/nodemon
19 verbose request no auth needed
20 info attempt registry request try #1 at 3:23:41 PM
21 verbose request id e641ebed4926342f
22 verbose etag "2ERYIT3GPW74XO0GVFNCJ20B2"
23 http request GET https://registry.npmjs.org/nodemon
24 http 200 https://registry.npmjs.org/nodemon
25 verbose headers { server: 'CouchDB/1.5.0 (Erlang OTP/R16B03)',
25 verbose headers   etag: '"7GKCZVJR8URPNH4LI4T1WB7XO"',
25 verbose headers   'content-type': 'application/json',
25 verbose headers   'content-encoding': 'gzip',
25 verbose headers   'cache-control': 'max-age=300',
25 verbose headers   'content-length': '24805',
25 verbose headers   'accept-ranges': 'bytes',
25 verbose headers   date: 'Mon, 07 Nov 2016 20:23:42 GMT',
25 verbose headers   via: '1.1 varnish',
25 verbose headers   age: '250',
25 verbose headers   connection: 'keep-alive',
25 verbose headers   'x-served-by': 'cache-jfk8145-JFK',
25 verbose headers   'x-cache': 'HIT',
25 verbose headers   'x-cache-hits': '2',
25 verbose headers   'x-timer': 'S1478550222.730008,VS0,VE0',
25 verbose headers   vary: 'Accept-Encoding' }
26 silly get cb [ 200,
26 silly get   { server: 'CouchDB/1.5.0 (Erlang OTP/R16B03)',
26 silly get     etag: '"7GKCZVJR8URPNH4LI4T1WB7XO"',
26 silly get     'content-type': 'application/json',
26 silly get     'content-encoding': 'gzip',
26 silly get     'cache-control': 'max-age=300',
26 silly get     'content-length': '24805',
26 silly get     'accept-ranges': 'bytes',
26 silly get     date: 'Mon, 07 Nov 2016 20:23:42 GMT',
26 silly get     via: '1.1 varnish',
26 silly get     age: '250',
26 silly get     connection: 'keep-alive',
26 silly get     'x-served-by': 'cache-jfk8145-JFK',
26 silly get     'x-cache': 'HIT',
26 silly get     'x-cache-hits': '2',
26 silly get     'x-timer': 'S1478550222.730008,VS0,VE0',
26 silly get     vary: 'Accept-Encoding' } ]
27 verbose get saving nodemon to /Users/haleydanylchuk/.npm/registry.npmjs.org/nodemon/.cache.json
28 verbose correctMkdir /Users/haleydanylchuk/.npm correctMkdir not in flight; initializing
29 silly addNameTag next cb for nodemon with tag latest
30 silly addNamed nodemon@1.11.0
31 verbose addNamed "1.11.0" is a plain semver version for nodemon
32 silly cache afterAdd nodemon@1.11.0
33 verbose afterAdd /Users/haleydanylchuk/.npm/nodemon/1.11.0/package/package.json not in flight; writing
34 verbose correctMkdir /Users/haleydanylchuk/.npm correctMkdir not in flight; initializing
35 verbose afterAdd /Users/haleydanylchuk/.npm/nodemon/1.11.0/package/package.json written
36 silly install resolved [ { name: 'nodemon',
36 silly install resolved     homepage: 'http://nodemon.io',
36 silly install resolved     author: { name: 'Remy Sharp', url: 'http://github.com/remy' },
36 silly install resolved     bin: { nodemon: './bin/nodemon.js' },
36 silly install resolved     engines: { node: '>=0.8' },
36 silly install resolved     repository: { type: 'git', url: 'git+https://github.com/remy/nodemon.git' },
36 silly install resolved     description: 'Simple monitor script for use during development of a node.js app.',
36 silly install resolved     keywords:
36 silly install resolved      [ 'monitor',
36 silly install resolved        'development',
36 silly install resolved        'restart',
36 silly install resolved        'autoload',
36 silly install resolved        'reload',
36 silly install resolved        'terminal' ],
36 silly install resolved     license: 'MIT',
36 silly install resolved     main: './lib/nodemon',
36 silly install resolved     scripts:
36 silly install resolved      { coverage: 'istanbul cover _mocha -- --timeout 30000 --ui bdd --reporter list test/**/*.test.js',
36 silly install resolved        lint: 'jscs lib/**/*.js -v',
36 silly install resolved        ':spec': 'mocha --timeout 30000 --ui bdd test/**/*.test.js',
36 silly install resolved        test: 'npm run lint && npm run spec',
36 silly install resolved        spec: 'for FILE in test/**/*.test.js; do echo $FILE; ./node_modules/.bin/mocha --timeout 30000 $FILE; if [ $? -ne 0 ]; then exit 1; fi; sleep 1; done',
36 silly install resolved        web: 'node web',
36 silly install resolved        'semantic-release': 'semantic-release pre && npm publish && semantic-release post' },
36 silly install resolved     devDependencies:
36 silly install resolved      { async: '1.4.2',
36 silly install resolved        'coffee-script': '~1.7.1',
36 silly install resolved        connect: '~2.19.1',
36 silly install resolved        istanbul: '~0.2.10',
36 silly install resolved        jscs: '2.1.1',
36 silly install resolved        mocha: '2.3.3',
36 silly install resolved        should: '~4.0.0',
36 silly install resolved        'semantic-release': '4.3.5' },
36 silly install resolved     dependencies:
36 silly install resolved      { chokidar: '^1.4.3',
36 silly install resolved        debug: '^2.2.0',
36 silly install resolved        'es6-promise': '^3.0.2',
36 silly install resolved        'ignore-by-default': '^1.0.0',
36 silly install resolved        'lodash.defaults': '^3.1.2',
36 silly install resolved        minimatch: '^3.0.0',
36 silly install resolved        'ps-tree': '^1.0.1',
36 silly install resolved        touch: '1.0.0',
36 silly install resolved        undefsafe: '0.0.3',
36 silly install resolved        'update-notifier': '0.5.0' },
36 silly install resolved     version: '1.11.0',
36 silly install resolved     gitHead: '2cd85b1f609e9749d19afcdbd71368e6ab063f9d',
36 silly install resolved     bugs: { url: 'https://github.com/remy/nodemon/issues' },
36 silly install resolved     _id: 'nodemon@1.11.0',
36 silly install resolved     _shasum: '226c562bd2a7b13d3d7518b49ad4828a3623d06c',
36 silly install resolved     _from: 'nodemon@latest',
36 silly install resolved     _npmVersion: '2.15.11',
36 silly install resolved     _nodeVersion: '6.7.0',
36 silly install resolved     _npmUser: { name: 'remy', email: 'remy@leftlogic.com' },
36 silly install resolved     dist:
36 silly install resolved      { shasum: '226c562bd2a7b13d3d7518b49ad4828a3623d06c',
36 silly install resolved        tarball: 'https://registry.npmjs.org/nodemon/-/nodemon-1.11.0.tgz' },
36 silly install resolved     maintainers: [ [Object] ],
36 silly install resolved     _npmOperationalInternal:
36 silly install resolved      { host: 'packages-12-west.internal.npmjs.com',
36 silly install resolved        tmp: 'tmp/nodemon-1.11.0.tgz_1475780171533_0.901109219994396' },
36 silly install resolved     directories: {},
36 silly install resolved     _resolved: 'https://registry.npmjs.org/nodemon/-/nodemon-1.11.0.tgz',
36 silly install resolved     readme: 'ERROR: No README data found!' } ]
37 info install nodemon@1.11.0 into /usr/local/lib
38 info installOne nodemon@1.11.0
39 verbose installOne of nodemon to /usr/local/lib not in flight; installing
40 verbose correctMkdir /Users/haleydanylchuk/.npm/_locks correctMkdir not in flight; initializing
41 verbose lock using /Users/haleydanylchuk/.npm/_locks/nodemon-49f7ed19e778991e.lock for /usr/local/lib/node_modules/nodemon
42 silly install write writing nodemon 1.11.0 to /usr/local/lib/node_modules/nodemon
43 verbose unbuild lib/node_modules/nodemon
44 info preuninstall nodemon@1.11.0
45 info uninstall nodemon@1.11.0
46 verbose unbuild rmStuff nodemon@1.11.0 from /usr/local/lib/node_modules
47 silly gentlyRm /usr/local/bin/nodemon is being gently removed
48 silly gentlyRm verifying /usr/local is an npm working directory
49 silly gentlyRm containing path /usr/local is under npm's control, in /usr/local
50 silly gentlyRm deletion target /usr/local/bin/nodemon is under /usr/local
51 verbose gentlyRm vacuuming from /usr/local/bin/nodemon up to /usr/local
52 silly vacuum-fs removing /usr/local/bin/nodemon
53 silly vacuum-fs quitting because other entries in /usr/local/bin
54 info postuninstall nodemon@1.11.0
55 silly gentlyRm /usr/local/lib/node_modules/nodemon is being purged from base /usr/local
56 verbose gentlyRm don't care about contents; nuking /usr/local/lib/node_modules/nodemon
57 silly vacuum-fs purging /usr/local/lib/node_modules/nodemon
58 verbose unlock done using /Users/haleydanylchuk/.npm/_locks/nodemon-49f7ed19e778991e.lock for /usr/local/lib/node_modules/nodemon
59 verbose stack Error: EACCES: permission denied, rmdir '/usr/local/lib/node_modules/nodemon'
59 verbose stack     at Error (native)
60 verbose cwd /Users/haleydanylchuk/hed248-final-project/src/wild
61 error Darwin 15.0.0
62 error argv "/usr/local/bin/node" "/usr/local/bin/npm" "install" "-g" "nodemon"
63 error node v4.5.0
64 error npm  v2.15.9
65 error path /usr/local/lib/node_modules/nodemon
66 error code EACCES
67 error errno -13
68 error syscall rmdir
69 error Error: EACCES: permission denied, rmdir '/usr/local/lib/node_modules/nodemon'
69 error     at Error (native)
69 error  { [Error: EACCES: permission denied, rmdir '/usr/local/lib/node_modules/nodemon']
69 error   errno: -13,
69 error   code: 'EACCES',
69 error   syscall: 'rmdir',
69 error   path: '/usr/local/lib/node_modules/nodemon' }
70 error Please try running this command again as root/Administrator.
71 verbose exit [ -13, true ]
72 verbose unbuild lib/node_modules/nodemon
73 info preuninstall nodemon@1.11.0
74 info uninstall nodemon@1.11.0
75 verbose unbuild rmStuff nodemon@1.11.0 from /usr/local/lib/node_modules
76 silly gentlyRm /usr/local/bin/nodemon is being gently removed
77 silly gentlyRm verifying /usr/local is an npm working directory
78 silly gentlyRm containing path /usr/local is under npm's control, in /usr/local
79 silly gentlyRm deletion target /usr/local/bin/nodemon is under /usr/local
80 verbose gentlyRm vacuuming from /usr/local/bin/nodemon up to /usr/local
81 info postuninstall nodemon@1.11.0
82 silly gentlyRm /usr/local/lib/node_modules/nodemon is being purged from base /usr/local
83 verbose gentlyRm don't care about contents; nuking /usr/local/lib/node_modules/nodemon
84 silly vacuum-fs purging /usr/local/lib/node_modules/nodemon
85 error error rolling back Error: EACCES: permission denied, rmdir '/usr/local/lib/node_modules/nodemon'
85 error error rolling back     at Error (native)
85 error error rolling back  { [Error: EACCES: permission denied, rmdir '/usr/local/lib/node_modules/nodemon']
85 error error rolling back   errno: -13,
85 error error rolling back   code: 'EACCES',
85 error error rolling back   syscall: 'rmdir',
85 error error rolling back   path: '/usr/local/lib/node_modules/nodemon' }
